<?xml version="1.0" encoding="UTF-8"?>
<testsuite name="Customer management" tests="3" skipped="0" failures="1" errors="0" timestamp="2024-11-05T13:39:50" hostname="JOHANHENAO" time="6.996">
  <properties/>
  <testcase name="Create a new customer" classname="Customer management" time="5.472"/>
  <testcase name="Retrieve all customers" classname="Customer management" time="0.731"/>
  <testcase name="Create a customer with existing email" classname="Customer management" time="0.793">
    <failure message="java.lang.AssertionError: &#10;Expected: is &lt;500&gt;&#10;     but: was &lt;201&gt;" type="java.lang.AssertionError">java.lang.AssertionError: 
Expected: is &lt;500&gt;
     but: was &lt;201&gt;
	at net.serenitybdd.screenplay.ErrorTally.throwSummaryExceptionFrom(ErrorTally.java:38)
	at net.serenitybdd.screenplay.ErrorTally.reportAnyErrors(ErrorTally.java:32)
	at net.serenitybdd.screenplay.Actor.should(Actor.java:397)
	at udea.edu.co.calidad.automation_project.stepdefinitions.customer.CustomerStepDefinition.iShouldSeeAnErrorMessage(CustomerStepDefinition.java:76)
	at ✽.I should see an error message(file:///C:/Users/jhoan/Documents/Semestre%208/Calidad%20de%20Software/automation-quality/src/test/resources/features/customer/customer.feature:19)
</failure>
  </testcase>
  <system-out><![CDATA[
Scenario: Create a new customer                   ?[90m# src/test/resources/features/customer/customer.feature:6?[0m
  ?[32mGiven ?[0m?[32mI have access to the system?[0m               ?[90m# udea.edu.co.calidad.automation_project.stepdefinitions.customer.CustomerStepDefinition.iHaveAccessToTheSystem()?[0m
  ?[32mWhen ?[0m?[32mI create a new customer?[0m                    ?[90m# udea.edu.co.calidad.automation_project.stepdefinitions.customer.CustomerStepDefinition.iCreateANewCustomer()?[0m
  ?[32mThen ?[0m?[32mthe customer should be saved in the system?[0m ?[90m# udea.edu.co.calidad.automation_project.stepdefinitions.customer.CustomerStepDefinition.theCustomerShouldBeSavedInTheSystem()?[0m

Scenario: Retrieve all customers          ?[90m# src/test/resources/features/customer/customer.feature:11?[0m
  ?[32mGiven ?[0m?[32mI have access to the system?[0m       ?[90m# udea.edu.co.calidad.automation_project.stepdefinitions.customer.CustomerStepDefinition.iHaveAccessToTheSystem()?[0m
  ?[32mWhen ?[0m?[32mI retrieve all customers?[0m           ?[90m# udea.edu.co.calidad.automation_project.stepdefinitions.customer.CustomerStepDefinition.iRetrieveAllCustomers()?[0m
  ?[32mThen ?[0m?[32mI should see the list of customers?[0m ?[90m# udea.edu.co.calidad.automation_project.stepdefinitions.customer.CustomerStepDefinition.iShouldSeeTheListOfCustomers()?[0m

Scenario: Create a customer with existing email    ?[90m# src/test/resources/features/customer/customer.feature:16?[0m
  ?[32mGiven ?[0m?[32mI have access to the system?[0m                ?[90m# udea.edu.co.calidad.automation_project.stepdefinitions.customer.CustomerStepDefinition.iHaveAccessToTheSystem()?[0m
  ?[32mWhen ?[0m?[32mI create a new customer with existing email?[0m ?[90m# udea.edu.co.calidad.automation_project.stepdefinitions.customer.CustomerStepDefinition.iCreateANewCustomerWithExistingEmail()?[0m
  ?[31mThen ?[0m?[31mI should see an error message?[0m               ?[90m# udea.edu.co.calidad.automation_project.stepdefinitions.customer.CustomerStepDefinition.iShouldSeeAnErrorMessage()?[0m
      ?[31mjava.lang.AssertionError: 
Expected: is <500>
     but: was <201>
	at net.serenitybdd.screenplay.ErrorTally.throwSummaryExceptionFrom(ErrorTally.java:38)
	at net.serenitybdd.screenplay.ErrorTally.reportAnyErrors(ErrorTally.java:32)
	at net.serenitybdd.screenplay.Actor.should(Actor.java:397)
	at udea.edu.co.calidad.automation_project.stepdefinitions.customer.CustomerStepDefinition.iShouldSeeAnErrorMessage(CustomerStepDefinition.java:76)
	at ✽.I should see an error message(file:///C:/Users/jhoan/Documents/Semestre%208/Calidad%20de%20Software/automation-quality/src/test/resources/features/customer/customer.feature:19)
?[0m
]]></system-out>
  <system-err><![CDATA[[Test worker] INFO  - 
  _____   ___   ___   _____     ___   _____     _     ___   _____   ___   ___  
 |_   _| | __| / __| |_   _|   / __| |_   _|   /_\   | _ \ |_   _| | __| |   \ 
   | |   | _|  \__ \   | |     \__ \   | |    / _ \  |   /   | |   | _|  | |) |
   |_|   |___| |___/   |_|     |___/   |_|   /_/ \_\ |_|_\   |_|   |___| |___/ 

Create a new customer(customer-management;create-a-new-customer)
--------------------------------------------------------------------------------
[Test worker] INFO  - 
  _____   ___   ___   _____     ___     _     ___   ___   ___   ___  
 |_   _| | __| / __| |_   _|   | _ \   /_\   / __| / __| | __| |   \ 
   | |   | _|  \__ \   | |     |  _/  / _ \  \__ \ \__ \ | _|  | |) |
   |_|   |___| |___/   |_|     |_|   /_/ \_\ |___/ |___/ |___| |___/ 

Create a new customer
----------------------------------------------------------------------
[Test worker] INFO  - 
  _____   ___   ___   _____     ___   _____     _     ___   _____   ___   ___  
 |_   _| | __| / __| |_   _|   / __| |_   _|   /_\   | _ \ |_   _| | __| |   \ 
   | |   | _|  \__ \   | |     \__ \   | |    / _ \  |   /   | |   | _|  | |) |
   |_|   |___| |___/   |_|     |___/   |_|   /_/ \_\ |_|_\   |_|   |___| |___/ 

Retrieve all customers(customer-management;retrieve-all-customers)
--------------------------------------------------------------------------------
[Test worker] INFO  - 
  _____   ___   ___   _____     ___     _     ___   ___   ___   ___  
 |_   _| | __| / __| |_   _|   | _ \   /_\   / __| / __| | __| |   \ 
   | |   | _|  \__ \   | |     |  _/  / _ \  \__ \ \__ \ | _|  | |) |
   |_|   |___| |___/   |_|     |_|   /_/ \_\ |___/ |___/ |___| |___/ 

Retrieve all customers
----------------------------------------------------------------------
[Test worker] INFO  - 
  _____   ___   ___   _____     ___   _____     _     ___   _____   ___   ___  
 |_   _| | __| / __| |_   _|   / __| |_   _|   /_\   | _ \ |_   _| | __| |   \ 
   | |   | _|  \__ \   | |     \__ \   | |    / _ \  |   /   | |   | _|  | |) |
   |_|   |___| |___/   |_|     |___/   |_|   /_/ \_\ |_|_\   |_|   |___| |___/ 

Create a customer with existing email(customer-management;create-a-customer-with-existing-email)
--------------------------------------------------------------------------------
[Test worker] ERROR  - 
  _____   ___   ___   _____     ___     _     ___   _      ___   ___  
 |_   _| | __| / __| |_   _|   | __|   /_\   |_ _| | |    | __| |   \ 
   | |   | _|  \__ \   | |     | _|   / _ \   | |  | |__  | _|  | |) |
   |_|   |___| |___/   |_|     |_|   /_/ \_\ |___| |____| |___| |___/ 

Create a customer with existing email
-----------------------------------------------------------------------
[Test worker] ERROR  -     Test failed at step: Then The response code indicates an error should be (500)
[Test worker] ERROR  -     Expected: is <500> but: was <201>
]]></system-err>
</testsuite>
